2021-02-08T09:35:08+00:00 CRITICAL Uncaught Error: Class 'LP_Emails' not found in /home/oncoschool/public_html/wp-content/plugins/learnpress/learnpress.php:555
Stack trace:
#0 /home/oncoschool/public_html/wp-content/plugins/learnpress/learnpress.php(524): LearnPress->init()
#1 /home/oncoschool/public_html/wp-includes/class-wp-hook.php(287): LearnPress->plugin_loaded('')
#2 /home/oncoschool/public_html/wp-includes/class-wp-hook.php(311): WP_Hook->apply_filters(NULL, Array)
#3 /home/oncoschool/public_html/wp-includes/plugin.php(484): WP_Hook->do_action(Array)
#4 /home/oncoschool/public_html/wp-settings.php(420): do_action('plugins_loaded')
#5 /home/oncoschool/public_html/wp-config.php(90): require_once('/home/oncoschoo...')
#6 /home/oncoschool/public_html/wp-load.php(37): require_once('/home/oncoschoo...')
#7 /home/oncoschool/public_html/xmlrpc.php(31): require_once('/home/oncoschoo...')
#8 {main}
  thrown em /home/oncoschool/public_html/wp-content/plugins/learnpress/learnpress.php na linha 555

2021-02-08T22:07:22+00:00 CRITICAL Uncaught Error: Call to undefined method LP_User::user_check_blocked_duration() in /home/oncoschool/public_html/wp-content/themes/ivy-school/learnpress/single-course/content-learning.php:19
Stack trace:
#0 /home/oncoschool/public_html/wp-content/plugins/learnpress/inc/lp-template-functions.php(2589): include()
#1 /home/oncoschool/public_html/wp-content/themes/ivy-school/learnpress/content-single-course.php(40): learn_press_get_template('single-course/c...', Array)
#2 /home/oncoschool/public_html/wp-content/plugins/learnpress/inc/lp-template-functions.php(2589): include('/home/oncoschoo...')
#3 /home/oncoschool/public_html/wp-content/plugins/learnpress/inc/lp-template-functions.php(1653): learn_press_get_template('content-single-...')
#4 /home/oncoschool/public_html/wp-includes/class-wp-hook.php(287): learn_press_content_single_course('')
#5 /home/oncoschool/public_html/wp-includes/class-wp-hook.php(311): WP_Hook->apply_filters(NULL, Array)
#6 /home/oncoschool/public_html/wp-includes/plugin.php(484): WP_Hook-> em /home/oncoschool/public_html/wp-content/themes/ivy-school/learnpress/single-course/content-learning.php na linha 19

2021-02-08T22:08:29+00:00 CRITICAL Uncaught Error: Call to undefined method LP_User::user_check_blocked_duration() in /home/oncoschool/public_html/wp-content/themes/ivy-school/learnpress/single-course/content-learning.php:19
Stack trace:
#0 /home/oncoschool/public_html/wp-content/plugins/learnpress/inc/lp-template-functions.php(2589): include()
#1 /home/oncoschool/public_html/wp-content/themes/ivy-school/learnpress/content-single-course.php(40): learn_press_get_template('single-course/c...', Array)
#2 /home/oncoschool/public_html/wp-content/plugins/learnpress/inc/lp-template-functions.php(2589): include('/home/oncoschoo...')
#3 /home/oncoschool/public_html/wp-content/plugins/learnpress/inc/lp-template-functions.php(1653): learn_press_get_template('content-single-...')
#4 /home/oncoschool/public_html/wp-includes/class-wp-hook.php(287): learn_press_content_single_course('')
#5 /home/oncoschool/public_html/wp-includes/class-wp-hook.php(311): WP_Hook->apply_filters(NULL, Array)
#6 /home/oncoschool/public_html/wp-includes/plugin.php(484): WP_Hook-> em /home/oncoschool/public_html/wp-content/themes/ivy-school/learnpress/single-course/content-learning.php na linha 19

